<?xml version="1.0" encoding="UTF-8"?>
<!-- Generated by org.testng.reporters.JUnitXMLReporter -->
<testsuite ignored="0" hostname="DESKTOP-BPNON4T" failures="2" tests="2" name="CostCheckTest" time="0.803" errors="0" timestamp="15 Oct 2020 12:11:17 GMT">
  <testcase classname="cucumber.api.testng.AbstractTestNGCucumberTests" name="feature" time="0.345">
    <failure type="cucumber.runtime.CucumberException" message="java.lang.NullPointerException">
      <![CDATA[cucumber.runtime.CucumberException: java.lang.NullPointerException
at cucumber.api.testng.TestNGCucumberRunner.runCucumber(TestNGCucumberRunner.java:69)
at cucumber.api.testng.AbstractTestNGCucumberTests.feature(AbstractTestNGCucumberTests.java:21)
Caused by: java.lang.NullPointerException
at Base.BaseClass.setup(BaseClass.java:71)
at StepDefinitions.CostCheckerEndtoEndJourney.user_navigate_to_NHS_Costs_checker_tool(CostCheckerEndtoEndJourney.java:21)
at ✽.Given User navigate to NHS Costs checker tool(NHScostcheck.feature:5)
... Removed 28 stack frames]]>
    </failure>
  </testcase> <!-- feature -->
  <testcase classname="cucumber.api.testng.AbstractTestNGCucumberTests" name="feature" time="0.462">
    <failure type="java.lang.NullPointerException">
      <![CDATA[java.lang.NullPointerException
at Base.BaseClass.failedScreenShots(BaseClass.java:114)
at TestListeners.CustomListener.onTestFailure(CustomListener.java:31)
... Removed 25 stack frames]]>
    </failure>
  </testcase> <!-- feature -->
</testsuite> <!-- CostCheckTest -->
