<?xml version="1.0" encoding="UTF-8"?>
<testng-results ignored="0" total="1" passed="1" failed="0" skipped="0">
  <reporter-output>
  </reporter-output>
  <suite started-at="2020-10-06T14:09:21Z" name="TestSuite" finished-at="2020-10-06T14:09:50Z" duration-ms="28506">
    <groups>
      <group name="cucumber">
        <method signature="AbstractTestNGCucumberTests.feature(cucumber.api.testng.CucumberFeatureWrapper)[pri:0, instance:TestRunner.TestRunnerNHS@646be2c3]" name="feature" class="cucumber.api.testng.AbstractTestNGCucumberTests"/>
      </group> <!-- cucumber -->
    </groups>
    <test started-at="2020-10-06T14:09:21Z" name="CostCheckTest" finished-at="2020-10-06T14:09:50Z" duration-ms="28506">
      <class name="TestRunner.TestRunnerNHS">
        <test-method is-config="true" signature="setUpClass()[pri:0, instance:TestRunner.TestRunnerNHS@646be2c3]" started-at="2020-10-06T14:09:21Z" name="setUpClass" finished-at="2020-10-06T14:09:22Z" duration-ms="319" status="PASS">
          <reporter-output>
          </reporter-output>
        </test-method> <!-- setUpClass -->
        <test-method signature="feature(cucumber.api.testng.CucumberFeatureWrapper)[pri:0, instance:TestRunner.TestRunnerNHS@646be2c3]" started-at="2020-10-06T14:09:22Z" name="feature" description="Runs Cucumber Feature" data-provider="features" finished-at="2020-10-06T14:09:50Z" duration-ms="28014" status="PASS">
          <params>
            <param index="0">
              <value>
                <![CDATA[User from wales checks NHS cost]]>
              </value>
            </param>
          </params>
          <reporter-output>
          </reporter-output>
        </test-method> <!-- feature -->
        <test-method is-config="true" signature="tearDownClass()[pri:0, instance:TestRunner.TestRunnerNHS@646be2c3]" started-at="2020-10-06T14:09:50Z" name="tearDownClass" finished-at="2020-10-06T14:09:50Z" duration-ms="38" status="PASS">
          <reporter-output>
          </reporter-output>
        </test-method> <!-- tearDownClass -->
      </class> <!-- TestRunner.TestRunnerNHS -->
    </test> <!-- CostCheckTest -->
  </suite> <!-- TestSuite -->
</testng-results>
